\BOOKMARK [0][-]{chapter*.2}{Lista de Figuras}{}% 1
\BOOKMARK [0][-]{chapter*.3}{Lista de Tabelas}{}% 2
\BOOKMARK [0][-]{chapter.1}{Introdu\347\343o}{}% 3
\BOOKMARK [1][-]{section.1.1}{Redes Neuronais Artificiais}{chapter.1}% 4
\BOOKMARK [1][-]{section.1.2}{A Rede de Kohonen}{chapter.1}% 5
\BOOKMARK [1][-]{section.1.3}{Redes com aprendizado n\343o-supervisionado}{chapter.1}% 6
\BOOKMARK [1][-]{section.1.4}{Medidas de Semelhan\347a}{chapter.1}% 7
\BOOKMARK [2][-]{subsection.1.4.1}{A m\351trica Euclideana}{section.1.4}% 8
\BOOKMARK [2][-]{subsection.1.4.2}{A m\351trica de Mahalanobis}{section.1.4}% 9
\BOOKMARK [2][-]{subsection.1.4.3}{An\341lise de agrupamento}{section.1.4}% 10
\BOOKMARK [0][-]{chapter.2}{Contexto Geol\363gico}{}% 11
\BOOKMARK [0][-]{chapter.3}{M\351todo Proposto e Objetivo}{}% 12
\BOOKMARK [1][-]{section.3.1}{Objetivo}{chapter.3}% 13
\BOOKMARK [0][-]{chapter.4}{Dados de Perfilagem}{}% 14
\BOOKMARK [1][-]{section.4.1}{Modelo proposto para gerar os dados sint\351ticos}{chapter.4}% 15
\BOOKMARK [1][-]{section.4.2}{Dado Real}{chapter.4}% 16
\BOOKMARK [2][-]{subsection.4.2.1}{Dados reais e treinamento e classifica\347\343o da rede}{section.4.2}% 17
\BOOKMARK [0][-]{chapter.5}{Resultados e Discuss\365es}{}% 18
\BOOKMARK [1][-]{section.5.1}{Treinamento}{chapter.5}% 19
\BOOKMARK [1][-]{section.5.2}{Identifica\347\343o}{chapter.5}% 20
\BOOKMARK [1][-]{section.5.3}{Dado Real: treinamento}{chapter.5}% 21
\BOOKMARK [1][-]{section.5.4}{Dado Real: identifica\347\343o}{chapter.5}% 22
\BOOKMARK [0][-]{chapter.6}{Conclus\365es}{}% 23
\BOOKMARK [0][-]{chapter.7}{Cronograma}{}% 24
\BOOKMARK [0][-]{chapter*.4}{Refer\352ncias Bibliogr\341ficas}{}% 25
